[2024-03-01 20:28:55] local.ERROR: Please provide a valid cache path. {"exception":"[object] (InvalidArgumentException(code: 0): Please provide a valid cache path. at C:\\Users\\Ecommerce1\\OneDrive\\Desktop\\rodrielTours\\rodrielTours\\vendor\\laravel\\framework\\src\\Illuminate\\View\\Compilers\\Compiler.php:67)
[stacktrace]
#0 C:\\Users\\Ecommerce1\\OneDrive\\Desktop\\rodrielTours\\rodrielTours\\vendor\\laravel\\framework\\src\\Illuminate\\View\\ViewServiceProvider.php(96): Illuminate\\View\\Compilers\\Compiler->__construct(Object(Illuminate\\Filesystem\\Filesystem), false, '', true, 'php')
#1 C:\\Users\\Ecommerce1\\OneDrive\\Desktop\\rodrielTours\\rodrielTours\\vendor\\laravel\\framework\\src\\Illuminate\\Container\\Container.php(908): Illuminate\\View\\ViewServiceProvider->Illuminate\\View\\{closure}(Object(Illuminate\\Foundation\\Application), Array)
#2 C:\\Users\\Ecommerce1\\OneDrive\\Desktop\\rodrielTours\\rodrielTours\\vendor\\laravel\\framework\\src\\Illuminate\\Container\\Container.php(795): Illuminate\\Container\\Container->build(Object(Closure))
#3 C:\\Users\\Ecommerce1\\OneDrive\\Desktop\\rodrielTours\\rodrielTours\\vendor\\laravel\\framework\\src\\Illuminate\\Foundation\\Application.php(957): Illuminate\\Container\\Container->resolve('blade.compiler', Array, true)
#4 C:\\Users\\Ecommerce1\\OneDrive\\Desktop\\rodrielTours\\rodrielTours\\vendor\\laravel\\framework\\src\\Illuminate\\Container\\Container.php(731): Illuminate\\Foundation\\Application->resolve('blade.compiler', Array)
#5 C:\\Users\\Ecommerce1\\OneDrive\\Desktop\\rodrielTours\\rodrielTours\\vendor\\laravel\\framework\\src\\Illuminate\\Foundation\\Application.php(942): Illuminate\\Container\\Container->make('blade.compiler', Array)
#6 C:\\Users\\Ecommerce1\\OneDrive\\Desktop\\rodrielTours\\rodrielTours\\vendor\\laravel\\framework\\src\\Illuminate\\Container\\Container.php(1454): Illuminate\\Foundation\\Application->make('blade.compiler')
#7 C:\\Users\\Ecommerce1\\OneDrive\\Desktop\\rodrielTours\\rodrielTours\\vendor\\laravel\\framework\\src\\Illuminate\\Support\\Facades\\Facade.php(237): Illuminate\\Container\\Container->offsetGet('blade.compiler')
#8 C:\\Users\\Ecommerce1\\OneDrive\\Desktop\\rodrielTours\\rodrielTours\\vendor\\laravel\\framework\\src\\Illuminate\\Support\\Facades\\Facade.php(208): Illuminate\\Support\\Facades\\Facade::resolveFacadeInstance('blade.compiler')
#9 C:\\Users\\Ecommerce1\\OneDrive\\Desktop\\rodrielTours\\rodrielTours\\vendor\\laravel\\framework\\src\\Illuminate\\Support\\Facades\\Facade.php(349): Illuminate\\Support\\Facades\\Facade::getFacadeRoot()
#10 C:\\Users\\Ecommerce1\\OneDrive\\Desktop\\rodrielTours\\rodrielTours\\vendor\\blade-ui-kit\\blade-icons\\src\\BladeIconsServiceProvider.php(98): Illuminate\\Support\\Facades\\Facade::__callStatic('directive', Array)
#11 C:\\Users\\Ecommerce1\\OneDrive\\Desktop\\rodrielTours\\rodrielTours\\vendor\\blade-ui-kit\\blade-icons\\src\\BladeIconsServiceProvider.php(27): BladeUI\\Icons\\BladeIconsServiceProvider->bootDirectives()
#12 C:\\Users\\Ecommerce1\\OneDrive\\Desktop\\rodrielTours\\rodrielTours\\vendor\\laravel\\framework\\src\\Illuminate\\Container\\BoundMethod.php(36): BladeUI\\Icons\\BladeIconsServiceProvider->boot()
#13 C:\\Users\\Ecommerce1\\OneDrive\\Desktop\\rodrielTours\\rodrielTours\\vendor\\laravel\\framework\\src\\Illuminate\\Container\\Util.php(41): Illuminate\\Container\\BoundMethod::Illuminate\\Container\\{closure}()
#14 C:\\Users\\Ecommerce1\\OneDrive\\Desktop\\rodrielTours\\rodrielTours\\vendor\\laravel\\framework\\src\\Illuminate\\Container\\BoundMethod.php(93): Illuminate\\Container\\Util::unwrapIfClosure(Object(Closure))
#15 C:\\Users\\Ecommerce1\\OneDrive\\Desktop\\rodrielTours\\rodrielTours\\vendor\\laravel\\framework\\src\\Illuminate\\Container\\BoundMethod.php(35): Illuminate\\Container\\BoundMethod::callBoundMethod(Object(Illuminate\\Foundation\\Application), Array, Object(Closure))
#16 C:\\Users\\Ecommerce1\\OneDrive\\Desktop\\rodrielTours\\rodrielTours\\vendor\\laravel\\framework\\src\\Illuminate\\Container\\Container.php(662): Illuminate\\Container\\BoundMethod::call(Object(Illuminate\\Foundation\\Application), Array, Array, NULL)
#17 C:\\Users\\Ecommerce1\\OneDrive\\Desktop\\rodrielTours\\rodrielTours\\vendor\\laravel\\framework\\src\\Illuminate\\Foundation\\Application.php(1030): Illuminate\\Container\\Container->call(Array)
#18 C:\\Users\\Ecommerce1\\OneDrive\\Desktop\\rodrielTours\\rodrielTours\\vendor\\laravel\\framework\\src\\Illuminate\\Foundation\\Application.php(1011): Illuminate\\Foundation\\Application->bootProvider(Object(BladeUI\\Icons\\BladeIconsServiceProvider))
#19 [internal function]: Illuminate\\Foundation\\Application->Illuminate\\Foundation\\{closure}(Object(BladeUI\\Icons\\BladeIconsServiceProvider), 16)
#20 C:\\Users\\Ecommerce1\\OneDrive\\Desktop\\rodrielTours\\rodrielTours\\vendor\\laravel\\framework\\src\\Illuminate\\Foundation\\Application.php(1010): array_walk(Array, Object(Closure))
#21 C:\\Users\\Ecommerce1\\OneDrive\\Desktop\\rodrielTours\\rodrielTours\\vendor\\laravel\\framework\\src\\Illuminate\\Foundation\\Bootstrap\\BootProviders.php(17): Illuminate\\Foundation\\Application->boot()
#22 C:\\Users\\Ecommerce1\\OneDrive\\Desktop\\rodrielTours\\rodrielTours\\vendor\\laravel\\framework\\src\\Illuminate\\Foundation\\Application.php(263): Illuminate\\Foundation\\Bootstrap\\BootProviders->bootstrap(Object(Illuminate\\Foundation\\Application))
#23 C:\\Users\\Ecommerce1\\OneDrive\\Desktop\\rodrielTours\\rodrielTours\\vendor\\laravel\\framework\\src\\Illuminate\\Foundation\\Console\\Kernel.php(447): Illuminate\\Foundation\\Application->bootstrapWith(Array)
#24 C:\\Users\\Ecommerce1\\OneDrive\\Desktop\\rodrielTours\\rodrielTours\\vendor\\laravel\\framework\\src\\Illuminate\\Foundation\\Console\\Kernel.php(199): Illuminate\\Foundation\\Console\\Kernel->bootstrap()
#25 C:\\Users\\Ecommerce1\\OneDrive\\Desktop\\rodrielTours\\rodrielTours\\artisan(35): Illuminate\\Foundation\\Console\\Kernel->handle(Object(Symfony\\Component\\Console\\Input\\ArgvInput), Object(Symfony\\Component\\Console\\Output\\ConsoleOutput))
#26 {main}
"} 
[2024-03-01 20:30:26] local.ERROR: Please provide a valid cache path. {"exception":"[object] (InvalidArgumentException(code: 0): Please provide a valid cache path. at C:\\Users\\Ecommerce1\\OneDrive\\Desktop\\rodrielTours\\rodrielTours\\vendor\\laravel\\framework\\src\\Illuminate\\View\\Compilers\\Compiler.php:67)
[stacktrace]
#0 C:\\Users\\Ecommerce1\\OneDrive\\Desktop\\rodrielTours\\rodrielTours\\vendor\\laravel\\framework\\src\\Illuminate\\View\\ViewServiceProvider.php(96): Illuminate\\View\\Compilers\\Compiler->__construct(Object(Illuminate\\Filesystem\\Filesystem), false, '', true, 'php')
#1 C:\\Users\\Ecommerce1\\OneDrive\\Desktop\\rodrielTours\\rodrielTours\\vendor\\laravel\\framework\\src\\Illuminate\\Container\\Container.php(908): Illuminate\\View\\ViewServiceProvider->Illuminate\\View\\{closure}(Object(Illuminate\\Foundation\\Application), Array)
#2 C:\\Users\\Ecommerce1\\OneDrive\\Desktop\\rodrielTours\\rodrielTours\\vendor\\laravel\\framework\\src\\Illuminate\\Container\\Container.php(795): Illuminate\\Container\\Container->build(Object(Closure))
#3 C:\\Users\\Ecommerce1\\OneDrive\\Desktop\\rodrielTours\\rodrielTours\\vendor\\laravel\\framework\\src\\Illuminate\\Foundation\\Application.php(957): Illuminate\\Container\\Container->resolve('blade.compiler', Array, true)
#4 C:\\Users\\Ecommerce1\\OneDrive\\Desktop\\rodrielTours\\rodrielTours\\vendor\\laravel\\framework\\src\\Illuminate\\Container\\Container.php(731): Illuminate\\Foundation\\Application->resolve('blade.compiler', Array)
#5 C:\\Users\\Ecommerce1\\OneDrive\\Desktop\\rodrielTours\\rodrielTours\\vendor\\laravel\\framework\\src\\Illuminate\\Foundation\\Application.php(942): Illuminate\\Container\\Container->make('blade.compiler', Array)
#6 C:\\Users\\Ecommerce1\\OneDrive\\Desktop\\rodrielTours\\rodrielTours\\vendor\\laravel\\framework\\src\\Illuminate\\Container\\Container.php(1454): Illuminate\\Foundation\\Application->make('blade.compiler')
#7 C:\\Users\\Ecommerce1\\OneDrive\\Desktop\\rodrielTours\\rodrielTours\\vendor\\laravel\\framework\\src\\Illuminate\\Support\\Facades\\Facade.php(237): Illuminate\\Container\\Container->offsetGet('blade.compiler')
#8 C:\\Users\\Ecommerce1\\OneDrive\\Desktop\\rodrielTours\\rodrielTours\\vendor\\laravel\\framework\\src\\Illuminate\\Support\\Facades\\Facade.php(208): Illuminate\\Support\\Facades\\Facade::resolveFacadeInstance('blade.compiler')
#9 C:\\Users\\Ecommerce1\\OneDrive\\Desktop\\rodrielTours\\rodrielTours\\vendor\\laravel\\framework\\src\\Illuminate\\Support\\Facades\\Facade.php(349): Illuminate\\Support\\Facades\\Facade::getFacadeRoot()
#10 C:\\Users\\Ecommerce1\\OneDrive\\Desktop\\rodrielTours\\rodrielTours\\vendor\\blade-ui-kit\\blade-icons\\src\\BladeIconsServiceProvider.php(98): Illuminate\\Support\\Facades\\Facade::__callStatic('directive', Array)
#11 C:\\Users\\Ecommerce1\\OneDrive\\Desktop\\rodrielTours\\rodrielTours\\vendor\\blade-ui-kit\\blade-icons\\src\\BladeIconsServiceProvider.php(27): BladeUI\\Icons\\BladeIconsServiceProvider->bootDirectives()
#12 C:\\Users\\Ecommerce1\\OneDrive\\Desktop\\rodrielTours\\rodrielTours\\vendor\\laravel\\framework\\src\\Illuminate\\Container\\BoundMethod.php(36): BladeUI\\Icons\\BladeIconsServiceProvider->boot()
#13 C:\\Users\\Ecommerce1\\OneDrive\\Desktop\\rodrielTours\\rodrielTours\\vendor\\laravel\\framework\\src\\Illuminate\\Container\\Util.php(41): Illuminate\\Container\\BoundMethod::Illuminate\\Container\\{closure}()
#14 C:\\Users\\Ecommerce1\\OneDrive\\Desktop\\rodrielTours\\rodrielTours\\vendor\\laravel\\framework\\src\\Illuminate\\Container\\BoundMethod.php(93): Illuminate\\Container\\Util::unwrapIfClosure(Object(Closure))
#15 C:\\Users\\Ecommerce1\\OneDrive\\Desktop\\rodrielTours\\rodrielTours\\vendor\\laravel\\framework\\src\\Illuminate\\Container\\BoundMethod.php(35): Illuminate\\Container\\BoundMethod::callBoundMethod(Object(Illuminate\\Foundation\\Application), Array, Object(Closure))
#16 C:\\Users\\Ecommerce1\\OneDrive\\Desktop\\rodrielTours\\rodrielTours\\vendor\\laravel\\framework\\src\\Illuminate\\Container\\Container.php(662): Illuminate\\Container\\BoundMethod::call(Object(Illuminate\\Foundation\\Application), Array, Array, NULL)
#17 C:\\Users\\Ecommerce1\\OneDrive\\Desktop\\rodrielTours\\rodrielTours\\vendor\\laravel\\framework\\src\\Illuminate\\Foundation\\Application.php(1030): Illuminate\\Container\\Container->call(Array)
#18 C:\\Users\\Ecommerce1\\OneDrive\\Desktop\\rodrielTours\\rodrielTours\\vendor\\laravel\\framework\\src\\Illuminate\\Foundation\\Application.php(1011): Illuminate\\Foundation\\Application->bootProvider(Object(BladeUI\\Icons\\BladeIconsServiceProvider))
#19 [internal function]: Illuminate\\Foundation\\Application->Illuminate\\Foundation\\{closure}(Object(BladeUI\\Icons\\BladeIconsServiceProvider), 16)
#20 C:\\Users\\Ecommerce1\\OneDrive\\Desktop\\rodrielTours\\rodrielTours\\vendor\\laravel\\framework\\src\\Illuminate\\Foundation\\Application.php(1010): array_walk(Array, Object(Closure))
#21 C:\\Users\\Ecommerce1\\OneDrive\\Desktop\\rodrielTours\\rodrielTours\\vendor\\laravel\\framework\\src\\Illuminate\\Foundation\\Bootstrap\\BootProviders.php(17): Illuminate\\Foundation\\Application->boot()
#22 C:\\Users\\Ecommerce1\\OneDrive\\Desktop\\rodrielTours\\rodrielTours\\vendor\\laravel\\framework\\src\\Illuminate\\Foundation\\Application.php(263): Illuminate\\Foundation\\Bootstrap\\BootProviders->bootstrap(Object(Illuminate\\Foundation\\Application))
#23 C:\\Users\\Ecommerce1\\OneDrive\\Desktop\\rodrielTours\\rodrielTours\\vendor\\laravel\\framework\\src\\Illuminate\\Foundation\\Console\\Kernel.php(447): Illuminate\\Foundation\\Application->bootstrapWith(Array)
#24 C:\\Users\\Ecommerce1\\OneDrive\\Desktop\\rodrielTours\\rodrielTours\\vendor\\laravel\\framework\\src\\Illuminate\\Foundation\\Console\\Kernel.php(199): Illuminate\\Foundation\\Console\\Kernel->bootstrap()
#25 C:\\Users\\Ecommerce1\\OneDrive\\Desktop\\rodrielTours\\rodrielTours\\artisan(35): Illuminate\\Foundation\\Console\\Kernel->handle(Object(Symfony\\Component\\Console\\Input\\ArgvInput), Object(Symfony\\Component\\Console\\Output\\ConsoleOutput))
#26 {main}
"} 
[2024-03-01 20:41:59] local.ERROR: Cannot use empty array elements in arrays {"exception":"[object] (Symfony\\Component\\ErrorHandler\\Error\\FatalError(code: 0): Cannot use empty array elements in arrays at C:\\Users\\Ecommerce1\\OneDrive\\Desktop\\rodrielTours\\rodrielTours\\app\\Filament\\Resources\\VehicleResource\\Pages\\ListVehicles.php:16)
[stacktrace]
#0 {main}
"} 
